0 info it worked if it ends with ok
1 verbose cli [ '/usr/bin/node', '/usr/bin/npm', 'run', 'deploy' ]
2 info using npm@3.5.2
3 info using node@v8.10.0
4 verbose run-script [ 'predeploy', 'deploy', 'postdeploy' ]
5 info lifecycle weather@0.0.1~predeploy: weather@0.0.1
6 verbose lifecycle weather@0.0.1~predeploy: unsafe-perm in lifecycle true
7 verbose lifecycle weather@0.0.1~predeploy: PATH: /usr/share/npm/bin/node-gyp-bin:/home/nadin/Документы/weather-react/node_modules/.bin:/usr/local/sbin:/usr/local/bin:/usr/sbin:/usr/bin:/sbin:/bin:/usr/games:/usr/local/games:/snap/bin
8 verbose lifecycle weather@0.0.1~predeploy: CWD: /home/nadin/Документы/weather-react
9 silly lifecycle weather@0.0.1~predeploy: Args: [ '-c', 'npm run build' ]
10 silly lifecycle weather@0.0.1~predeploy: Returned: code: 0  signal: null
11 info lifecycle weather@0.0.1~deploy: weather@0.0.1
12 verbose lifecycle weather@0.0.1~deploy: unsafe-perm in lifecycle true
13 verbose lifecycle weather@0.0.1~deploy: PATH: /usr/share/npm/bin/node-gyp-bin:/home/nadin/Документы/weather-react/node_modules/.bin:/usr/local/sbin:/usr/local/bin:/usr/sbin:/usr/bin:/sbin:/bin:/usr/games:/usr/local/games:/snap/bin
14 verbose lifecycle weather@0.0.1~deploy: CWD: /home/nadin/Документы/weather-react
15 silly lifecycle weather@0.0.1~deploy: Args: [ '-c', 'gh-pages -b build' ]
16 silly lifecycle weather@0.0.1~deploy: Returned: code: 1  signal: null
17 info lifecycle weather@0.0.1~deploy: Failed to exec deploy script
18 verbose stack Error: weather@0.0.1 deploy: `gh-pages -b build`
18 verbose stack Exit status 1
18 verbose stack     at EventEmitter.<anonymous> (/usr/share/npm/lib/utils/lifecycle.js:232:16)
18 verbose stack     at emitTwo (events.js:126:13)
18 verbose stack     at EventEmitter.emit (events.js:214:7)
18 verbose stack     at ChildProcess.<anonymous> (/usr/share/npm/lib/utils/spawn.js:24:14)
18 verbose stack     at emitTwo (events.js:126:13)
18 verbose stack     at ChildProcess.emit (events.js:214:7)
18 verbose stack     at maybeClose (internal/child_process.js:925:16)
18 verbose stack     at Process.ChildProcess._handle.onexit (internal/child_process.js:209:5)
19 verbose pkgid weather@0.0.1
20 verbose cwd /home/nadin/Документы/weather-react
21 error Linux 4.15.0-48-generic
22 error argv "/usr/bin/node" "/usr/bin/npm" "run" "deploy"
23 error node v8.10.0
24 error npm  v3.5.2
25 error code ELIFECYCLE
26 error weather@0.0.1 deploy: `gh-pages -b build`
26 error Exit status 1
27 error Failed at the weather@0.0.1 deploy script 'gh-pages -b build'.
27 error Make sure you have the latest version of node.js and npm installed.
27 error If you do, this is most likely a problem with the weather package,
27 error not with npm itself.
27 error Tell the author that this fails on your system:
27 error     gh-pages -b build
27 error You can get information on how to open an issue for this project with:
27 error     npm bugs weather
27 error Or if that isn't available, you can get their info via:
27 error     npm owner ls weather
27 error There is likely additional logging output above.
28 verbose exit [ 1, true ]
